2015-10-22 15:10:21 [192.168.11.131][-][-][warning][yii\debug\Module::checkAccess] Access to debugger is denied due to IP address restriction. The requesting IP address is 192.168.11.131
    in C:\xampp\htdocs\address\address-book\src\views\layouts\main.php:61
    in C:\xampp\htdocs\address\address-book\src\controllers\ContactsController.php:93
2015-10-22 15:10:21 [192.168.11.131][-][-][info][application] $_SESSION = [
    '__flash' => []
    '__captcha/site/captcha' => 'zojute'
    '__captcha/site/captchacount' => 1
]

$_SERVER = [
    'REDIRECT_MIBDIRS' => 'C:/xampp/php/extras/mibs'
    'REDIRECT_MYSQL_HOME' => '\\xampp\\mysql\\bin'
    'REDIRECT_OPENSSL_CONF' => 'C:/xampp/apache/bin/openssl.cnf'
    'REDIRECT_PHP_PEAR_SYSCONF_DIR' => '\\xampp\\php'
    'REDIRECT_PHPRC' => '\\xampp\\php'
    'REDIRECT_TMP' => '\\xampp\\tmp'
    'REDIRECT_STATUS' => '200'
    'MIBDIRS' => 'C:/xampp/php/extras/mibs'
    'MYSQL_HOME' => '\\xampp\\mysql\\bin'
    'OPENSSL_CONF' => 'C:/xampp/apache/bin/openssl.cnf'
    'PHP_PEAR_SYSCONF_DIR' => '\\xampp\\php'
    'PHPRC' => '\\xampp\\php'
    'TMP' => '\\xampp\\tmp'
    'HTTP_HOST' => '192.168.11.131'
    'HTTP_CONNECTION' => 'keep-alive'
    'HTTP_ACCEPT' => 'text/html,application/xhtml+xml,application/xml;q=0.9,image/webp,*/*;q=0.8'
    'HTTP_UPGRADE_INSECURE_REQUESTS' => '1'
    'HTTP_USER_AGENT' => 'Mozilla/5.0 (Windows NT 6.1; WOW64) AppleWebKit/537.36 (KHTML, like Gecko) Chrome/46.0.2490.71 Safari/537.36'
    'HTTP_ACCEPT_ENCODING' => 'gzip, deflate, sdch'
    'HTTP_ACCEPT_LANGUAGE' => 'en-US,en;q=0.8'
    'PATH' => 'C:\\python27_x64\\;C:\\python27_x64\\Scripts;C:\\ProgramData\\Oracle\\Java\\javapath;C:\\Windows\\system32;C:\\Windows;C:\\Windows\\System32\\Wbem;C:\\Windows\\System32\\WindowsPowerShell\\v1.0\\;C:\\Program Files (x86)\\Google\\Cloud SDK\\google-cloud-sdk\\bin;C:\\xampp\\php;C:\\ProgramData\\ComposerSetup\\bin'
    'SystemRoot' => 'C:\\Windows'
    'COMSPEC' => 'C:\\Windows\\system32\\cmd.exe'
    'PATHEXT' => '.COM;.EXE;.BAT;.CMD;.VBS;.VBE;.JS;.JSE;.WSF;.WSH;.MSC'
    'WINDIR' => 'C:\\Windows'
    'SERVER_SIGNATURE' => '<address>Apache/2.4.12 (Win32) OpenSSL/1.0.1l PHP/5.5.24 Server at 192.168.11.131 Port 80</address>
'
    'SERVER_SOFTWARE' => 'Apache/2.4.12 (Win32) OpenSSL/1.0.1l PHP/5.5.24'
    'SERVER_NAME' => '192.168.11.131'
    'SERVER_ADDR' => '192.168.11.131'
    'SERVER_PORT' => '80'
    'REMOTE_ADDR' => '192.168.11.131'
    'DOCUMENT_ROOT' => 'C:/xampp/htdocs'
    'REQUEST_SCHEME' => 'http'
    'CONTEXT_PREFIX' => ''
    'CONTEXT_DOCUMENT_ROOT' => 'C:/xampp/htdocs'
    'SERVER_ADMIN' => 'postmaster@localhost'
    'SCRIPT_FILENAME' => 'C:/xampp/htdocs/address/address-book/src/web/index.php'
    'REMOTE_PORT' => '57997'
    'REDIRECT_URL' => '/address/address-book/src/web/contacts/create'
    'GATEWAY_INTERFACE' => 'CGI/1.1'
    'SERVER_PROTOCOL' => 'HTTP/1.1'
    'REQUEST_METHOD' => 'GET'
    'QUERY_STRING' => ''
    'REQUEST_URI' => '/address/address-book/src/web/contacts/create'
    'SCRIPT_NAME' => '/address/address-book/src/web/index.php'
    'PHP_SELF' => '/address/address-book/src/web/index.php'
    'REQUEST_TIME_FLOAT' => 1445519421.048
    'REQUEST_TIME' => 1445519421
]
2015-10-22 15:10:23 [192.168.11.131][-][-][warning][yii\debug\Module::checkAccess] Access to debugger is denied due to IP address restriction. The requesting IP address is 192.168.11.131
    in C:\xampp\htdocs\address\address-book\src\views\layouts\main.php:61
    in C:\xampp\htdocs\address\address-book\src\controllers\SiteController.php:52
2015-10-22 15:10:23 [192.168.11.131][-][-][info][application] $_COOKIE = [
    '_csrf' => '86affdc5d89bc51f5b12fb06fcabab83befe2b9d8464a6c070961f675084c7c1a:2:{i:0;s:5:\"_csrf\";i:1;s:32:\"h_2IO7Jedbqswzj8G9HX8QWLfKeG-wLY\";}'
    'PHPSESSID' => 'si7laijghi02d8p0dee51nr3t7'
]

$_SERVER = [
    'MIBDIRS' => 'C:/xampp/php/extras/mibs'
    'MYSQL_HOME' => '\\xampp\\mysql\\bin'
    'OPENSSL_CONF' => 'C:/xampp/apache/bin/openssl.cnf'
    'PHP_PEAR_SYSCONF_DIR' => '\\xampp\\php'
    'PHPRC' => '\\xampp\\php'
    'TMP' => '\\xampp\\tmp'
    'HTTP_HOST' => '192.168.11.131'
    'HTTP_CONNECTION' => 'keep-alive'
    'HTTP_ACCEPT' => 'text/html,application/xhtml+xml,application/xml;q=0.9,image/webp,*/*;q=0.8'
    'HTTP_UPGRADE_INSECURE_REQUESTS' => '1'
    'HTTP_USER_AGENT' => 'Mozilla/5.0 (Windows NT 6.1; WOW64) AppleWebKit/537.36 (KHTML, like Gecko) Chrome/46.0.2490.71 Safari/537.36'
    'HTTP_REFERER' => 'http://192.168.11.131/address/address-book/src/web/contacts/create'
    'HTTP_ACCEPT_ENCODING' => 'gzip, deflate, sdch'
    'HTTP_ACCEPT_LANGUAGE' => 'en-US,en;q=0.8'
    'HTTP_COOKIE' => '_csrf=86affdc5d89bc51f5b12fb06fcabab83befe2b9d8464a6c070961f675084c7c1a%3A2%3A%7Bi%3A0%3Bs%3A5%3A%22_csrf%22%3Bi%3A1%3Bs%3A32%3A%22h_2IO7Jedbqswzj8G9HX8QWLfKeG-wLY%22%3B%7D; PHPSESSID=si7laijghi02d8p0dee51nr3t7'
    'PATH' => 'C:\\python27_x64\\;C:\\python27_x64\\Scripts;C:\\ProgramData\\Oracle\\Java\\javapath;C:\\Windows\\system32;C:\\Windows;C:\\Windows\\System32\\Wbem;C:\\Windows\\System32\\WindowsPowerShell\\v1.0\\;C:\\Program Files (x86)\\Google\\Cloud SDK\\google-cloud-sdk\\bin;C:\\xampp\\php;C:\\ProgramData\\ComposerSetup\\bin'
    'SystemRoot' => 'C:\\Windows'
    'COMSPEC' => 'C:\\Windows\\system32\\cmd.exe'
    'PATHEXT' => '.COM;.EXE;.BAT;.CMD;.VBS;.VBE;.JS;.JSE;.WSF;.WSH;.MSC'
    'WINDIR' => 'C:\\Windows'
    'SERVER_SIGNATURE' => '<address>Apache/2.4.12 (Win32) OpenSSL/1.0.1l PHP/5.5.24 Server at 192.168.11.131 Port 80</address>
'
    'SERVER_SOFTWARE' => 'Apache/2.4.12 (Win32) OpenSSL/1.0.1l PHP/5.5.24'
    'SERVER_NAME' => '192.168.11.131'
    'SERVER_ADDR' => '192.168.11.131'
    'SERVER_PORT' => '80'
    'REMOTE_ADDR' => '192.168.11.131'
    'DOCUMENT_ROOT' => 'C:/xampp/htdocs'
    'REQUEST_SCHEME' => 'http'
    'CONTEXT_PREFIX' => ''
    'CONTEXT_DOCUMENT_ROOT' => 'C:/xampp/htdocs'
    'SERVER_ADMIN' => 'postmaster@localhost'
    'SCRIPT_FILENAME' => 'C:/xampp/htdocs/address/address-book/src/web/index.php'
    'REMOTE_PORT' => '58003'
    'GATEWAY_INTERFACE' => 'CGI/1.1'
    'SERVER_PROTOCOL' => 'HTTP/1.1'
    'REQUEST_METHOD' => 'GET'
    'QUERY_STRING' => ''
    'REQUEST_URI' => '/address/address-book/src/web/'
    'SCRIPT_NAME' => '/address/address-book/src/web/index.php'
    'PHP_SELF' => '/address/address-book/src/web/index.php'
    'REQUEST_TIME_FLOAT' => 1445519423.759
    'REQUEST_TIME' => 1445519423
]
2015-10-22 15:10:48 [192.168.11.131][-][-][warning][yii\debug\Module::checkAccess] Access to debugger is denied due to IP address restriction. The requesting IP address is 192.168.11.131
    in C:\xampp\htdocs\address\address-book\src\views\layouts\main.php:61
    in C:\xampp\htdocs\address\address-book\src\controllers\ContactsController.php:43
2015-10-22 15:10:45 [192.168.11.131][-][-][info][application] $_COOKIE = [
    '_csrf' => '86affdc5d89bc51f5b12fb06fcabab83befe2b9d8464a6c070961f675084c7c1a:2:{i:0;s:5:\"_csrf\";i:1;s:32:\"h_2IO7Jedbqswzj8G9HX8QWLfKeG-wLY\";}'
    'PHPSESSID' => 'si7laijghi02d8p0dee51nr3t7'
]

$_SERVER = [
    'REDIRECT_MIBDIRS' => 'C:/xampp/php/extras/mibs'
    'REDIRECT_MYSQL_HOME' => '\\xampp\\mysql\\bin'
    'REDIRECT_OPENSSL_CONF' => 'C:/xampp/apache/bin/openssl.cnf'
    'REDIRECT_PHP_PEAR_SYSCONF_DIR' => '\\xampp\\php'
    'REDIRECT_PHPRC' => '\\xampp\\php'
    'REDIRECT_TMP' => '\\xampp\\tmp'
    'REDIRECT_STATUS' => '200'
    'MIBDIRS' => 'C:/xampp/php/extras/mibs'
    'MYSQL_HOME' => '\\xampp\\mysql\\bin'
    'OPENSSL_CONF' => 'C:/xampp/apache/bin/openssl.cnf'
    'PHP_PEAR_SYSCONF_DIR' => '\\xampp\\php'
    'PHPRC' => '\\xampp\\php'
    'TMP' => '\\xampp\\tmp'
    'HTTP_HOST' => '192.168.11.131'
    'HTTP_CONNECTION' => 'keep-alive'
    'HTTP_ACCEPT' => 'text/html,application/xhtml+xml,application/xml;q=0.9,image/webp,*/*;q=0.8'
    'HTTP_UPGRADE_INSECURE_REQUESTS' => '1'
    'HTTP_USER_AGENT' => 'Mozilla/5.0 (Windows NT 6.1; WOW64) AppleWebKit/537.36 (KHTML, like Gecko) Chrome/46.0.2490.71 Safari/537.36'
    'HTTP_REFERER' => 'http://192.168.11.131/address/address-book/src/web/'
    'HTTP_ACCEPT_ENCODING' => 'gzip, deflate, sdch'
    'HTTP_ACCEPT_LANGUAGE' => 'en-US,en;q=0.8'
    'HTTP_COOKIE' => '_csrf=86affdc5d89bc51f5b12fb06fcabab83befe2b9d8464a6c070961f675084c7c1a%3A2%3A%7Bi%3A0%3Bs%3A5%3A%22_csrf%22%3Bi%3A1%3Bs%3A32%3A%22h_2IO7Jedbqswzj8G9HX8QWLfKeG-wLY%22%3B%7D; PHPSESSID=si7laijghi02d8p0dee51nr3t7'
    'PATH' => 'C:\\python27_x64\\;C:\\python27_x64\\Scripts;C:\\ProgramData\\Oracle\\Java\\javapath;C:\\Windows\\system32;C:\\Windows;C:\\Windows\\System32\\Wbem;C:\\Windows\\System32\\WindowsPowerShell\\v1.0\\;C:\\Program Files (x86)\\Google\\Cloud SDK\\google-cloud-sdk\\bin;C:\\xampp\\php;C:\\ProgramData\\ComposerSetup\\bin'
    'SystemRoot' => 'C:\\Windows'
    'COMSPEC' => 'C:\\Windows\\system32\\cmd.exe'
    'PATHEXT' => '.COM;.EXE;.BAT;.CMD;.VBS;.VBE;.JS;.JSE;.WSF;.WSH;.MSC'
    'WINDIR' => 'C:\\Windows'
    'SERVER_SIGNATURE' => '<address>Apache/2.4.12 (Win32) OpenSSL/1.0.1l PHP/5.5.24 Server at 192.168.11.131 Port 80</address>
'
    'SERVER_SOFTWARE' => 'Apache/2.4.12 (Win32) OpenSSL/1.0.1l PHP/5.5.24'
    'SERVER_NAME' => '192.168.11.131'
    'SERVER_ADDR' => '192.168.11.131'
    'SERVER_PORT' => '80'
    'REMOTE_ADDR' => '192.168.11.131'
    'DOCUMENT_ROOT' => 'C:/xampp/htdocs'
    'REQUEST_SCHEME' => 'http'
    'CONTEXT_PREFIX' => ''
    'CONTEXT_DOCUMENT_ROOT' => 'C:/xampp/htdocs'
    'SERVER_ADMIN' => 'postmaster@localhost'
    'SCRIPT_FILENAME' => 'C:/xampp/htdocs/address/address-book/src/web/index.php'
    'REMOTE_PORT' => '58005'
    'REDIRECT_URL' => '/address/address-book/src/web/contacts'
    'GATEWAY_INTERFACE' => 'CGI/1.1'
    'SERVER_PROTOCOL' => 'HTTP/1.1'
    'REQUEST_METHOD' => 'GET'
    'QUERY_STRING' => ''
    'REQUEST_URI' => '/address/address-book/src/web/contacts'
    'SCRIPT_NAME' => '/address/address-book/src/web/index.php'
    'PHP_SELF' => '/address/address-book/src/web/index.php'
    'REQUEST_TIME_FLOAT' => 1445519445.656
    'REQUEST_TIME' => 1445519445
]
2015-10-22 15:10:54 [192.168.11.131][-][-][warning][yii\debug\Module::checkAccess] Access to debugger is denied due to IP address restriction. The requesting IP address is 192.168.11.131
    in C:\xampp\htdocs\address\address-book\src\views\layouts\main.php:61
    in C:\xampp\htdocs\address\address-book\src\controllers\ContactsController.php:93
2015-10-22 15:10:54 [192.168.11.131][-][-][info][application] $_COOKIE = [
    '_csrf' => '86affdc5d89bc51f5b12fb06fcabab83befe2b9d8464a6c070961f675084c7c1a:2:{i:0;s:5:\"_csrf\";i:1;s:32:\"h_2IO7Jedbqswzj8G9HX8QWLfKeG-wLY\";}'
    'PHPSESSID' => 'si7laijghi02d8p0dee51nr3t7'
]

$_SESSION = [
    '__flash' => []
    '__captcha/site/captcha' => 'zojute'
    '__captcha/site/captchacount' => 1
]

$_SERVER = [
    'REDIRECT_MIBDIRS' => 'C:/xampp/php/extras/mibs'
    'REDIRECT_MYSQL_HOME' => '\\xampp\\mysql\\bin'
    'REDIRECT_OPENSSL_CONF' => 'C:/xampp/apache/bin/openssl.cnf'
    'REDIRECT_PHP_PEAR_SYSCONF_DIR' => '\\xampp\\php'
    'REDIRECT_PHPRC' => '\\xampp\\php'
    'REDIRECT_TMP' => '\\xampp\\tmp'
    'REDIRECT_STATUS' => '200'
    'MIBDIRS' => 'C:/xampp/php/extras/mibs'
    'MYSQL_HOME' => '\\xampp\\mysql\\bin'
    'OPENSSL_CONF' => 'C:/xampp/apache/bin/openssl.cnf'
    'PHP_PEAR_SYSCONF_DIR' => '\\xampp\\php'
    'PHPRC' => '\\xampp\\php'
    'TMP' => '\\xampp\\tmp'
    'HTTP_HOST' => '192.168.11.131'
    'HTTP_CONNECTION' => 'keep-alive'
    'HTTP_ACCEPT' => 'text/html,application/xhtml+xml,application/xml;q=0.9,image/webp,*/*;q=0.8'
    'HTTP_UPGRADE_INSECURE_REQUESTS' => '1'
    'HTTP_USER_AGENT' => 'Mozilla/5.0 (Windows NT 6.1; WOW64) AppleWebKit/537.36 (KHTML, like Gecko) Chrome/46.0.2490.71 Safari/537.36'
    'HTTP_REFERER' => 'http://192.168.11.131/address/address-book/src/web/contacts'
    'HTTP_ACCEPT_ENCODING' => 'gzip, deflate, sdch'
    'HTTP_ACCEPT_LANGUAGE' => 'en-US,en;q=0.8'
    'HTTP_COOKIE' => '_csrf=86affdc5d89bc51f5b12fb06fcabab83befe2b9d8464a6c070961f675084c7c1a%3A2%3A%7Bi%3A0%3Bs%3A5%3A%22_csrf%22%3Bi%3A1%3Bs%3A32%3A%22h_2IO7Jedbqswzj8G9HX8QWLfKeG-wLY%22%3B%7D; PHPSESSID=si7laijghi02d8p0dee51nr3t7'
    'PATH' => 'C:\\python27_x64\\;C:\\python27_x64\\Scripts;C:\\ProgramData\\Oracle\\Java\\javapath;C:\\Windows\\system32;C:\\Windows;C:\\Windows\\System32\\Wbem;C:\\Windows\\System32\\WindowsPowerShell\\v1.0\\;C:\\Program Files (x86)\\Google\\Cloud SDK\\google-cloud-sdk\\bin;C:\\xampp\\php;C:\\ProgramData\\ComposerSetup\\bin'
    'SystemRoot' => 'C:\\Windows'
    'COMSPEC' => 'C:\\Windows\\system32\\cmd.exe'
    'PATHEXT' => '.COM;.EXE;.BAT;.CMD;.VBS;.VBE;.JS;.JSE;.WSF;.WSH;.MSC'
    'WINDIR' => 'C:\\Windows'
    'SERVER_SIGNATURE' => '<address>Apache/2.4.12 (Win32) OpenSSL/1.0.1l PHP/5.5.24 Server at 192.168.11.131 Port 80</address>
'
    'SERVER_SOFTWARE' => 'Apache/2.4.12 (Win32) OpenSSL/1.0.1l PHP/5.5.24'
    'SERVER_NAME' => '192.168.11.131'
    'SERVER_ADDR' => '192.168.11.131'
    'SERVER_PORT' => '80'
    'REMOTE_ADDR' => '192.168.11.131'
    'DOCUMENT_ROOT' => 'C:/xampp/htdocs'
    'REQUEST_SCHEME' => 'http'
    'CONTEXT_PREFIX' => ''
    'CONTEXT_DOCUMENT_ROOT' => 'C:/xampp/htdocs'
    'SERVER_ADMIN' => 'postmaster@localhost'
    'SCRIPT_FILENAME' => 'C:/xampp/htdocs/address/address-book/src/web/index.php'
    'REMOTE_PORT' => '58010'
    'REDIRECT_URL' => '/address/address-book/src/web/contacts/create'
    'GATEWAY_INTERFACE' => 'CGI/1.1'
    'SERVER_PROTOCOL' => 'HTTP/1.1'
    'REQUEST_METHOD' => 'GET'
    'QUERY_STRING' => ''
    'REQUEST_URI' => '/address/address-book/src/web/contacts/create'
    'SCRIPT_NAME' => '/address/address-book/src/web/index.php'
    'PHP_SELF' => '/address/address-book/src/web/index.php'
    'REQUEST_TIME_FLOAT' => 1445519454.207
    'REQUEST_TIME' => 1445519454
]
2015-10-22 15:11:03 [192.168.11.131][-][-][warning][yii\debug\Module::checkAccess] Access to debugger is denied due to IP address restriction. The requesting IP address is 192.168.11.131
    in C:\xampp\htdocs\address\address-book\src\views\layouts\main.php:61
    in C:\xampp\htdocs\address\address-book\src\controllers\SiteController.php:52
2015-10-22 15:11:02 [192.168.11.131][-][-][info][application] $_COOKIE = [
    '_csrf' => '86affdc5d89bc51f5b12fb06fcabab83befe2b9d8464a6c070961f675084c7c1a:2:{i:0;s:5:\"_csrf\";i:1;s:32:\"h_2IO7Jedbqswzj8G9HX8QWLfKeG-wLY\";}'
    'PHPSESSID' => 'si7laijghi02d8p0dee51nr3t7'
]

$_SERVER = [
    'MIBDIRS' => 'C:/xampp/php/extras/mibs'
    'MYSQL_HOME' => '\\xampp\\mysql\\bin'
    'OPENSSL_CONF' => 'C:/xampp/apache/bin/openssl.cnf'
    'PHP_PEAR_SYSCONF_DIR' => '\\xampp\\php'
    'PHPRC' => '\\xampp\\php'
    'TMP' => '\\xampp\\tmp'
    'HTTP_HOST' => '192.168.11.131'
    'HTTP_CONNECTION' => 'keep-alive'
    'HTTP_ACCEPT' => 'text/html,application/xhtml+xml,application/xml;q=0.9,image/webp,*/*;q=0.8'
    'HTTP_UPGRADE_INSECURE_REQUESTS' => '1'
    'HTTP_USER_AGENT' => 'Mozilla/5.0 (Windows NT 6.1; WOW64) AppleWebKit/537.36 (KHTML, like Gecko) Chrome/46.0.2490.71 Safari/537.36'
    'HTTP_REFERER' => 'http://192.168.11.131/address/address-book/src/web/contacts/create'
    'HTTP_ACCEPT_ENCODING' => 'gzip, deflate, sdch'
    'HTTP_ACCEPT_LANGUAGE' => 'en-US,en;q=0.8'
    'HTTP_COOKIE' => '_csrf=86affdc5d89bc51f5b12fb06fcabab83befe2b9d8464a6c070961f675084c7c1a%3A2%3A%7Bi%3A0%3Bs%3A5%3A%22_csrf%22%3Bi%3A1%3Bs%3A32%3A%22h_2IO7Jedbqswzj8G9HX8QWLfKeG-wLY%22%3B%7D; PHPSESSID=si7laijghi02d8p0dee51nr3t7'
    'PATH' => 'C:\\python27_x64\\;C:\\python27_x64\\Scripts;C:\\ProgramData\\Oracle\\Java\\javapath;C:\\Windows\\system32;C:\\Windows;C:\\Windows\\System32\\Wbem;C:\\Windows\\System32\\WindowsPowerShell\\v1.0\\;C:\\Program Files (x86)\\Google\\Cloud SDK\\google-cloud-sdk\\bin;C:\\xampp\\php;C:\\ProgramData\\ComposerSetup\\bin'
    'SystemRoot' => 'C:\\Windows'
    'COMSPEC' => 'C:\\Windows\\system32\\cmd.exe'
    'PATHEXT' => '.COM;.EXE;.BAT;.CMD;.VBS;.VBE;.JS;.JSE;.WSF;.WSH;.MSC'
    'WINDIR' => 'C:\\Windows'
    'SERVER_SIGNATURE' => '<address>Apache/2.4.12 (Win32) OpenSSL/1.0.1l PHP/5.5.24 Server at 192.168.11.131 Port 80</address>
'
    'SERVER_SOFTWARE' => 'Apache/2.4.12 (Win32) OpenSSL/1.0.1l PHP/5.5.24'
    'SERVER_NAME' => '192.168.11.131'
    'SERVER_ADDR' => '192.168.11.131'
    'SERVER_PORT' => '80'
    'REMOTE_ADDR' => '192.168.11.131'
    'DOCUMENT_ROOT' => 'C:/xampp/htdocs'
    'REQUEST_SCHEME' => 'http'
    'CONTEXT_PREFIX' => ''
    'CONTEXT_DOCUMENT_ROOT' => 'C:/xampp/htdocs'
    'SERVER_ADMIN' => 'postmaster@localhost'
    'SCRIPT_FILENAME' => 'C:/xampp/htdocs/address/address-book/src/web/index.php'
    'REMOTE_PORT' => '58012'
    'GATEWAY_INTERFACE' => 'CGI/1.1'
    'SERVER_PROTOCOL' => 'HTTP/1.1'
    'REQUEST_METHOD' => 'GET'
    'QUERY_STRING' => ''
    'REQUEST_URI' => '/address/address-book/src/web/'
    'SCRIPT_NAME' => '/address/address-book/src/web/index.php'
    'PHP_SELF' => '/address/address-book/src/web/index.php'
    'REQUEST_TIME_FLOAT' => 1445519462.943
    'REQUEST_TIME' => 1445519462
]
2015-10-22 15:11:04 [192.168.11.131][-][-][warning][yii\debug\Module::checkAccess] Access to debugger is denied due to IP address restriction. The requesting IP address is 192.168.11.131
    in C:\xampp\htdocs\address\address-book\src\views\layouts\main.php:61
    in C:\xampp\htdocs\address\address-book\src\controllers\ContactsController.php:43
2015-10-22 15:11:04 [192.168.11.131][-][-][info][application] $_COOKIE = [
    '_csrf' => '86affdc5d89bc51f5b12fb06fcabab83befe2b9d8464a6c070961f675084c7c1a:2:{i:0;s:5:\"_csrf\";i:1;s:32:\"h_2IO7Jedbqswzj8G9HX8QWLfKeG-wLY\";}'
    'PHPSESSID' => 'si7laijghi02d8p0dee51nr3t7'
]

$_SERVER = [
    'REDIRECT_MIBDIRS' => 'C:/xampp/php/extras/mibs'
    'REDIRECT_MYSQL_HOME' => '\\xampp\\mysql\\bin'
    'REDIRECT_OPENSSL_CONF' => 'C:/xampp/apache/bin/openssl.cnf'
    'REDIRECT_PHP_PEAR_SYSCONF_DIR' => '\\xampp\\php'
    'REDIRECT_PHPRC' => '\\xampp\\php'
    'REDIRECT_TMP' => '\\xampp\\tmp'
    'REDIRECT_STATUS' => '200'
    'MIBDIRS' => 'C:/xampp/php/extras/mibs'
    'MYSQL_HOME' => '\\xampp\\mysql\\bin'
    'OPENSSL_CONF' => 'C:/xampp/apache/bin/openssl.cnf'
    'PHP_PEAR_SYSCONF_DIR' => '\\xampp\\php'
    'PHPRC' => '\\xampp\\php'
    'TMP' => '\\xampp\\tmp'
    'HTTP_HOST' => '192.168.11.131'
    'HTTP_CONNECTION' => 'keep-alive'
    'HTTP_ACCEPT' => 'text/html,application/xhtml+xml,application/xml;q=0.9,image/webp,*/*;q=0.8'
    'HTTP_UPGRADE_INSECURE_REQUESTS' => '1'
    'HTTP_USER_AGENT' => 'Mozilla/5.0 (Windows NT 6.1; WOW64) AppleWebKit/537.36 (KHTML, like Gecko) Chrome/46.0.2490.71 Safari/537.36'
    'HTTP_REFERER' => 'http://192.168.11.131/address/address-book/src/web/'
    'HTTP_ACCEPT_ENCODING' => 'gzip, deflate, sdch'
    'HTTP_ACCEPT_LANGUAGE' => 'en-US,en;q=0.8'
    'HTTP_COOKIE' => '_csrf=86affdc5d89bc51f5b12fb06fcabab83befe2b9d8464a6c070961f675084c7c1a%3A2%3A%7Bi%3A0%3Bs%3A5%3A%22_csrf%22%3Bi%3A1%3Bs%3A32%3A%22h_2IO7Jedbqswzj8G9HX8QWLfKeG-wLY%22%3B%7D; PHPSESSID=si7laijghi02d8p0dee51nr3t7'
    'PATH' => 'C:\\python27_x64\\;C:\\python27_x64\\Scripts;C:\\ProgramData\\Oracle\\Java\\javapath;C:\\Windows\\system32;C:\\Windows;C:\\Windows\\System32\\Wbem;C:\\Windows\\System32\\WindowsPowerShell\\v1.0\\;C:\\Program Files (x86)\\Google\\Cloud SDK\\google-cloud-sdk\\bin;C:\\xampp\\php;C:\\ProgramData\\ComposerSetup\\bin'
    'SystemRoot' => 'C:\\Windows'
    'COMSPEC' => 'C:\\Windows\\system32\\cmd.exe'
    'PATHEXT' => '.COM;.EXE;.BAT;.CMD;.VBS;.VBE;.JS;.JSE;.WSF;.WSH;.MSC'
    'WINDIR' => 'C:\\Windows'
    'SERVER_SIGNATURE' => '<address>Apache/2.4.12 (Win32) OpenSSL/1.0.1l PHP/5.5.24 Server at 192.168.11.131 Port 80</address>
'
    'SERVER_SOFTWARE' => 'Apache/2.4.12 (Win32) OpenSSL/1.0.1l PHP/5.5.24'
    'SERVER_NAME' => '192.168.11.131'
    'SERVER_ADDR' => '192.168.11.131'
    'SERVER_PORT' => '80'
    'REMOTE_ADDR' => '192.168.11.131'
    'DOCUMENT_ROOT' => 'C:/xampp/htdocs'
    'REQUEST_SCHEME' => 'http'
    'CONTEXT_PREFIX' => ''
    'CONTEXT_DOCUMENT_ROOT' => 'C:/xampp/htdocs'
    'SERVER_ADMIN' => 'postmaster@localhost'
    'SCRIPT_FILENAME' => 'C:/xampp/htdocs/address/address-book/src/web/index.php'
    'REMOTE_PORT' => '58012'
    'REDIRECT_URL' => '/address/address-book/src/web/contacts'
    'GATEWAY_INTERFACE' => 'CGI/1.1'
    'SERVER_PROTOCOL' => 'HTTP/1.1'
    'REQUEST_METHOD' => 'GET'
    'QUERY_STRING' => ''
    'REQUEST_URI' => '/address/address-book/src/web/contacts'
    'SCRIPT_NAME' => '/address/address-book/src/web/index.php'
    'PHP_SELF' => '/address/address-book/src/web/index.php'
    'REQUEST_TIME_FLOAT' => 1445519464.462
    'REQUEST_TIME' => 1445519464
]
2015-10-22 15:11:09 [192.168.11.131][-][-][warning][yii\debug\Module::checkAccess] Access to debugger is denied due to IP address restriction. The requesting IP address is 192.168.11.131
    in C:\xampp\htdocs\address\address-book\src\views\layouts\main.php:61
    in C:\xampp\htdocs\address\address-book\src\controllers\ContactsController.php:55
2015-10-22 15:11:09 [192.168.11.131][-][-][info][application] $_GET = [
    'id' => '12'
]

$_COOKIE = [
    '_csrf' => '86affdc5d89bc51f5b12fb06fcabab83befe2b9d8464a6c070961f675084c7c1a:2:{i:0;s:5:\"_csrf\";i:1;s:32:\"h_2IO7Jedbqswzj8G9HX8QWLfKeG-wLY\";}'
    'PHPSESSID' => 'si7laijghi02d8p0dee51nr3t7'
]

$_SERVER = [
    'REDIRECT_MIBDIRS' => 'C:/xampp/php/extras/mibs'
    'REDIRECT_MYSQL_HOME' => '\\xampp\\mysql\\bin'
    'REDIRECT_OPENSSL_CONF' => 'C:/xampp/apache/bin/openssl.cnf'
    'REDIRECT_PHP_PEAR_SYSCONF_DIR' => '\\xampp\\php'
    'REDIRECT_PHPRC' => '\\xampp\\php'
    'REDIRECT_TMP' => '\\xampp\\tmp'
    'REDIRECT_STATUS' => '200'
    'MIBDIRS' => 'C:/xampp/php/extras/mibs'
    'MYSQL_HOME' => '\\xampp\\mysql\\bin'
    'OPENSSL_CONF' => 'C:/xampp/apache/bin/openssl.cnf'
    'PHP_PEAR_SYSCONF_DIR' => '\\xampp\\php'
    'PHPRC' => '\\xampp\\php'
    'TMP' => '\\xampp\\tmp'
    'HTTP_HOST' => '192.168.11.131'
    'HTTP_CONNECTION' => 'keep-alive'
    'HTTP_ACCEPT' => 'text/html,application/xhtml+xml,application/xml;q=0.9,image/webp,*/*;q=0.8'
    'HTTP_UPGRADE_INSECURE_REQUESTS' => '1'
    'HTTP_USER_AGENT' => 'Mozilla/5.0 (Windows NT 6.1; WOW64) AppleWebKit/537.36 (KHTML, like Gecko) Chrome/46.0.2490.71 Safari/537.36'
    'HTTP_REFERER' => 'http://192.168.11.131/address/address-book/src/web/contacts'
    'HTTP_ACCEPT_ENCODING' => 'gzip, deflate, sdch'
    'HTTP_ACCEPT_LANGUAGE' => 'en-US,en;q=0.8'
    'HTTP_COOKIE' => '_csrf=86affdc5d89bc51f5b12fb06fcabab83befe2b9d8464a6c070961f675084c7c1a%3A2%3A%7Bi%3A0%3Bs%3A5%3A%22_csrf%22%3Bi%3A1%3Bs%3A32%3A%22h_2IO7Jedbqswzj8G9HX8QWLfKeG-wLY%22%3B%7D; PHPSESSID=si7laijghi02d8p0dee51nr3t7'
    'PATH' => 'C:\\python27_x64\\;C:\\python27_x64\\Scripts;C:\\ProgramData\\Oracle\\Java\\javapath;C:\\Windows\\system32;C:\\Windows;C:\\Windows\\System32\\Wbem;C:\\Windows\\System32\\WindowsPowerShell\\v1.0\\;C:\\Program Files (x86)\\Google\\Cloud SDK\\google-cloud-sdk\\bin;C:\\xampp\\php;C:\\ProgramData\\ComposerSetup\\bin'
    'SystemRoot' => 'C:\\Windows'
    'COMSPEC' => 'C:\\Windows\\system32\\cmd.exe'
    'PATHEXT' => '.COM;.EXE;.BAT;.CMD;.VBS;.VBE;.JS;.JSE;.WSF;.WSH;.MSC'
    'WINDIR' => 'C:\\Windows'
    'SERVER_SIGNATURE' => '<address>Apache/2.4.12 (Win32) OpenSSL/1.0.1l PHP/5.5.24 Server at 192.168.11.131 Port 80</address>
'
    'SERVER_SOFTWARE' => 'Apache/2.4.12 (Win32) OpenSSL/1.0.1l PHP/5.5.24'
    'SERVER_NAME' => '192.168.11.131'
    'SERVER_ADDR' => '192.168.11.131'
    'SERVER_PORT' => '80'
    'REMOTE_ADDR' => '192.168.11.131'
    'DOCUMENT_ROOT' => 'C:/xampp/htdocs'
    'REQUEST_SCHEME' => 'http'
    'CONTEXT_PREFIX' => ''
    'CONTEXT_DOCUMENT_ROOT' => 'C:/xampp/htdocs'
    'SERVER_ADMIN' => 'postmaster@localhost'
    'SCRIPT_FILENAME' => 'C:/xampp/htdocs/address/address-book/src/web/index.php'
    'REMOTE_PORT' => '58012'
    'REDIRECT_QUERY_STRING' => 'id=12'
    'REDIRECT_URL' => '/address/address-book/src/web/contacts/view'
    'GATEWAY_INTERFACE' => 'CGI/1.1'
    'SERVER_PROTOCOL' => 'HTTP/1.1'
    'REQUEST_METHOD' => 'GET'
    'QUERY_STRING' => 'id=12'
    'REQUEST_URI' => '/address/address-book/src/web/contacts/view?id=12'
    'SCRIPT_NAME' => '/address/address-book/src/web/index.php'
    'PHP_SELF' => '/address/address-book/src/web/index.php'
    'REQUEST_TIME_FLOAT' => 1445519469.385
    'REQUEST_TIME' => 1445519469
]
2015-10-22 15:11:17 [192.168.11.141][-][-][warning][yii\debug\Module::checkAccess] Access to debugger is denied due to IP address restriction. The requesting IP address is 192.168.11.141
    in C:\xampp\htdocs\address\address-book\src\views\layouts\main.php:61
    in C:\xampp\htdocs\address\address-book\src\controllers\SiteController.php:52
2015-10-22 15:11:17 [192.168.11.141][-][-][info][application] $_SERVER = [
    'MIBDIRS' => 'C:/xampp/php/extras/mibs'
    'MYSQL_HOME' => '\\xampp\\mysql\\bin'
    'OPENSSL_CONF' => 'C:/xampp/apache/bin/openssl.cnf'
    'PHP_PEAR_SYSCONF_DIR' => '\\xampp\\php'
    'PHPRC' => '\\xampp\\php'
    'TMP' => '\\xampp\\tmp'
    'HTTP_HOST' => '192.168.11.131'
    'HTTP_CONNECTION' => 'keep-alive'
    'HTTP_ACCEPT' => 'text/html,application/xhtml+xml,application/xml;q=0.9,image/webp,*/*;q=0.8'
    'HTTP_UPGRADE_INSECURE_REQUESTS' => '1'
    'HTTP_USER_AGENT' => 'Mozilla/5.0 (Windows NT 6.1; WOW64) AppleWebKit/537.36 (KHTML, like Gecko) Chrome/46.0.2490.71 Safari/537.36'
    'HTTP_ACCEPT_ENCODING' => 'gzip, deflate, sdch'
    'HTTP_ACCEPT_LANGUAGE' => 'en-US,en;q=0.8'
    'PATH' => 'C:\\python27_x64\\;C:\\python27_x64\\Scripts;C:\\ProgramData\\Oracle\\Java\\javapath;C:\\Windows\\system32;C:\\Windows;C:\\Windows\\System32\\Wbem;C:\\Windows\\System32\\WindowsPowerShell\\v1.0\\;C:\\Program Files (x86)\\Google\\Cloud SDK\\google-cloud-sdk\\bin;C:\\xampp\\php;C:\\ProgramData\\ComposerSetup\\bin'
    'SystemRoot' => 'C:\\Windows'
    'COMSPEC' => 'C:\\Windows\\system32\\cmd.exe'
    'PATHEXT' => '.COM;.EXE;.BAT;.CMD;.VBS;.VBE;.JS;.JSE;.WSF;.WSH;.MSC'
    'WINDIR' => 'C:\\Windows'
    'SERVER_SIGNATURE' => '<address>Apache/2.4.12 (Win32) OpenSSL/1.0.1l PHP/5.5.24 Server at 192.168.11.131 Port 80</address>
'
    'SERVER_SOFTWARE' => 'Apache/2.4.12 (Win32) OpenSSL/1.0.1l PHP/5.5.24'
    'SERVER_NAME' => '192.168.11.131'
    'SERVER_ADDR' => '192.168.11.131'
    'SERVER_PORT' => '80'
    'REMOTE_ADDR' => '192.168.11.141'
    'DOCUMENT_ROOT' => 'C:/xampp/htdocs'
    'REQUEST_SCHEME' => 'http'
    'CONTEXT_PREFIX' => ''
    'CONTEXT_DOCUMENT_ROOT' => 'C:/xampp/htdocs'
    'SERVER_ADMIN' => 'postmaster@localhost'
    'SCRIPT_FILENAME' => 'C:/xampp/htdocs/address/address-book/src/web/index.php'
    'REMOTE_PORT' => '55062'
    'GATEWAY_INTERFACE' => 'CGI/1.1'
    'SERVER_PROTOCOL' => 'HTTP/1.1'
    'REQUEST_METHOD' => 'GET'
    'QUERY_STRING' => ''
    'REQUEST_URI' => '/address/address-book/src/web/'
    'SCRIPT_NAME' => '/address/address-book/src/web/index.php'
    'PHP_SELF' => '/address/address-book/src/web/index.php'
    'REQUEST_TIME_FLOAT' => 1445519477.762
    'REQUEST_TIME' => 1445519477
]
2015-10-22 15:11:21 [192.168.11.141][-][-][warning][yii\debug\Module::checkAccess] Access to debugger is denied due to IP address restriction. The requesting IP address is 192.168.11.141
    in C:\xampp\htdocs\address\address-book\src\views\layouts\main.php:61
    in C:\xampp\htdocs\address\address-book\src\controllers\ContactsController.php:43
2015-10-22 15:11:21 [192.168.11.141][-][-][info][application] $_COOKIE = [
    '_csrf' => 'd83d46bd08c7a207326315f3ca105e42e357a269a4e166899b0567a7449af1dfa:2:{i:0;s:5:\"_csrf\";i:1;s:32:\"qZmCSDCR_SdE1sYj2Qa_OpiUxKP9ikhk\";}'
]

$_SERVER = [
    'REDIRECT_MIBDIRS' => 'C:/xampp/php/extras/mibs'
    'REDIRECT_MYSQL_HOME' => '\\xampp\\mysql\\bin'
    'REDIRECT_OPENSSL_CONF' => 'C:/xampp/apache/bin/openssl.cnf'
    'REDIRECT_PHP_PEAR_SYSCONF_DIR' => '\\xampp\\php'
    'REDIRECT_PHPRC' => '\\xampp\\php'
    'REDIRECT_TMP' => '\\xampp\\tmp'
    'REDIRECT_STATUS' => '200'
    'MIBDIRS' => 'C:/xampp/php/extras/mibs'
    'MYSQL_HOME' => '\\xampp\\mysql\\bin'
    'OPENSSL_CONF' => 'C:/xampp/apache/bin/openssl.cnf'
    'PHP_PEAR_SYSCONF_DIR' => '\\xampp\\php'
    'PHPRC' => '\\xampp\\php'
    'TMP' => '\\xampp\\tmp'
    'HTTP_HOST' => '192.168.11.131'
    'HTTP_CONNECTION' => 'keep-alive'
    'HTTP_ACCEPT' => 'text/html,application/xhtml+xml,application/xml;q=0.9,image/webp,*/*;q=0.8'
    'HTTP_UPGRADE_INSECURE_REQUESTS' => '1'
    'HTTP_USER_AGENT' => 'Mozilla/5.0 (Windows NT 6.1; WOW64) AppleWebKit/537.36 (KHTML, like Gecko) Chrome/46.0.2490.71 Safari/537.36'
    'HTTP_REFERER' => 'http://192.168.11.131/address/address-book/src/web/'
    'HTTP_ACCEPT_ENCODING' => 'gzip, deflate, sdch'
    'HTTP_ACCEPT_LANGUAGE' => 'en-US,en;q=0.8'
    'HTTP_COOKIE' => '_csrf=d83d46bd08c7a207326315f3ca105e42e357a269a4e166899b0567a7449af1dfa%3A2%3A%7Bi%3A0%3Bs%3A5%3A%22_csrf%22%3Bi%3A1%3Bs%3A32%3A%22qZmCSDCR_SdE1sYj2Qa_OpiUxKP9ikhk%22%3B%7D'
    'PATH' => 'C:\\python27_x64\\;C:\\python27_x64\\Scripts;C:\\ProgramData\\Oracle\\Java\\javapath;C:\\Windows\\system32;C:\\Windows;C:\\Windows\\System32\\Wbem;C:\\Windows\\System32\\WindowsPowerShell\\v1.0\\;C:\\Program Files (x86)\\Google\\Cloud SDK\\google-cloud-sdk\\bin;C:\\xampp\\php;C:\\ProgramData\\ComposerSetup\\bin'
    'SystemRoot' => 'C:\\Windows'
    'COMSPEC' => 'C:\\Windows\\system32\\cmd.exe'
    'PATHEXT' => '.COM;.EXE;.BAT;.CMD;.VBS;.VBE;.JS;.JSE;.WSF;.WSH;.MSC'
    'WINDIR' => 'C:\\Windows'
    'SERVER_SIGNATURE' => '<address>Apache/2.4.12 (Win32) OpenSSL/1.0.1l PHP/5.5.24 Server at 192.168.11.131 Port 80</address>
'
    'SERVER_SOFTWARE' => 'Apache/2.4.12 (Win32) OpenSSL/1.0.1l PHP/5.5.24'
    'SERVER_NAME' => '192.168.11.131'
    'SERVER_ADDR' => '192.168.11.131'
    'SERVER_PORT' => '80'
    'REMOTE_ADDR' => '192.168.11.141'
    'DOCUMENT_ROOT' => 'C:/xampp/htdocs'
    'REQUEST_SCHEME' => 'http'
    'CONTEXT_PREFIX' => ''
    'CONTEXT_DOCUMENT_ROOT' => 'C:/xampp/htdocs'
    'SERVER_ADMIN' => 'postmaster@localhost'
    'SCRIPT_FILENAME' => 'C:/xampp/htdocs/address/address-book/src/web/index.php'
    'REMOTE_PORT' => '55064'
    'REDIRECT_URL' => '/address/address-book/src/web/contacts'
    'GATEWAY_INTERFACE' => 'CGI/1.1'
    'SERVER_PROTOCOL' => 'HTTP/1.1'
    'REQUEST_METHOD' => 'GET'
    'QUERY_STRING' => ''
    'REQUEST_URI' => '/address/address-book/src/web/contacts'
    'SCRIPT_NAME' => '/address/address-book/src/web/index.php'
    'PHP_SELF' => '/address/address-book/src/web/index.php'
    'REQUEST_TIME_FLOAT' => 1445519481.316
    'REQUEST_TIME' => 1445519481
]
2015-10-22 15:11:53 [192.168.11.131][-][-][warning][yii\debug\Module::checkAccess] Access to debugger is denied due to IP address restriction. The requesting IP address is 192.168.11.131
    in C:\xampp\htdocs\address\address-book\src\views\layouts\main.php:61
    in C:\xampp\htdocs\address\address-book\src\controllers\SiteController.php:52
2015-10-22 15:11:52 [192.168.11.131][-][-][info][application] $_COOKIE = [
    '_csrf' => '86affdc5d89bc51f5b12fb06fcabab83befe2b9d8464a6c070961f675084c7c1a:2:{i:0;s:5:\"_csrf\";i:1;s:32:\"h_2IO7Jedbqswzj8G9HX8QWLfKeG-wLY\";}'
    'PHPSESSID' => 'si7laijghi02d8p0dee51nr3t7'
]

$_SERVER = [
    'MIBDIRS' => 'C:/xampp/php/extras/mibs'
    'MYSQL_HOME' => '\\xampp\\mysql\\bin'
    'OPENSSL_CONF' => 'C:/xampp/apache/bin/openssl.cnf'
    'PHP_PEAR_SYSCONF_DIR' => '\\xampp\\php'
    'PHPRC' => '\\xampp\\php'
    'TMP' => '\\xampp\\tmp'
    'HTTP_HOST' => '192.168.11.131'
    'HTTP_CONNECTION' => 'keep-alive'
    'HTTP_ACCEPT' => 'text/html,application/xhtml+xml,application/xml;q=0.9,image/webp,*/*;q=0.8'
    'HTTP_UPGRADE_INSECURE_REQUESTS' => '1'
    'HTTP_USER_AGENT' => 'Mozilla/5.0 (Windows NT 6.1; WOW64) AppleWebKit/537.36 (KHTML, like Gecko) Chrome/46.0.2490.71 Safari/537.36'
    'HTTP_REFERER' => 'http://192.168.11.131/address/address-book/src/web/contacts/view?id=12'
    'HTTP_ACCEPT_ENCODING' => 'gzip, deflate, sdch'
    'HTTP_ACCEPT_LANGUAGE' => 'en-US,en;q=0.8'
    'HTTP_COOKIE' => '_csrf=86affdc5d89bc51f5b12fb06fcabab83befe2b9d8464a6c070961f675084c7c1a%3A2%3A%7Bi%3A0%3Bs%3A5%3A%22_csrf%22%3Bi%3A1%3Bs%3A32%3A%22h_2IO7Jedbqswzj8G9HX8QWLfKeG-wLY%22%3B%7D; PHPSESSID=si7laijghi02d8p0dee51nr3t7'
    'PATH' => 'C:\\python27_x64\\;C:\\python27_x64\\Scripts;C:\\ProgramData\\Oracle\\Java\\javapath;C:\\Windows\\system32;C:\\Windows;C:\\Windows\\System32\\Wbem;C:\\Windows\\System32\\WindowsPowerShell\\v1.0\\;C:\\Program Files (x86)\\Google\\Cloud SDK\\google-cloud-sdk\\bin;C:\\xampp\\php;C:\\ProgramData\\ComposerSetup\\bin'
    'SystemRoot' => 'C:\\Windows'
    'COMSPEC' => 'C:\\Windows\\system32\\cmd.exe'
    'PATHEXT' => '.COM;.EXE;.BAT;.CMD;.VBS;.VBE;.JS;.JSE;.WSF;.WSH;.MSC'
    'WINDIR' => 'C:\\Windows'
    'SERVER_SIGNATURE' => '<address>Apache/2.4.12 (Win32) OpenSSL/1.0.1l PHP/5.5.24 Server at 192.168.11.131 Port 80</address>
'
    'SERVER_SOFTWARE' => 'Apache/2.4.12 (Win32) OpenSSL/1.0.1l PHP/5.5.24'
    'SERVER_NAME' => '192.168.11.131'
    'SERVER_ADDR' => '192.168.11.131'
    'SERVER_PORT' => '80'
    'REMOTE_ADDR' => '192.168.11.131'
    'DOCUMENT_ROOT' => 'C:/xampp/htdocs'
    'REQUEST_SCHEME' => 'http'
    'CONTEXT_PREFIX' => ''
    'CONTEXT_DOCUMENT_ROOT' => 'C:/xampp/htdocs'
    'SERVER_ADMIN' => 'postmaster@localhost'
    'SCRIPT_FILENAME' => 'C:/xampp/htdocs/address/address-book/src/web/index.php'
    'REMOTE_PORT' => '58024'
    'GATEWAY_INTERFACE' => 'CGI/1.1'
    'SERVER_PROTOCOL' => 'HTTP/1.1'
    'REQUEST_METHOD' => 'GET'
    'QUERY_STRING' => ''
    'REQUEST_URI' => '/address/address-book/src/web/'
    'SCRIPT_NAME' => '/address/address-book/src/web/index.php'
    'PHP_SELF' => '/address/address-book/src/web/index.php'
    'REQUEST_TIME_FLOAT' => 1445519512.871
    'REQUEST_TIME' => 1445519512
]
2015-10-22 15:12:21 [192.168.11.131][-][-][warning][yii\debug\Module::checkAccess] Access to debugger is denied due to IP address restriction. The requesting IP address is 192.168.11.131
    in C:\xampp\htdocs\address\address-book\src\views\layouts\main.php:61
    in C:\xampp\htdocs\address\address-book\src\controllers\ContactsController.php:43
2015-10-22 15:12:20 [192.168.11.131][-][-][info][application] $_COOKIE = [
    '_csrf' => '86affdc5d89bc51f5b12fb06fcabab83befe2b9d8464a6c070961f675084c7c1a:2:{i:0;s:5:\"_csrf\";i:1;s:32:\"h_2IO7Jedbqswzj8G9HX8QWLfKeG-wLY\";}'
    'PHPSESSID' => 'si7laijghi02d8p0dee51nr3t7'
]

$_SERVER = [
    'REDIRECT_MIBDIRS' => 'C:/xampp/php/extras/mibs'
    'REDIRECT_MYSQL_HOME' => '\\xampp\\mysql\\bin'
    'REDIRECT_OPENSSL_CONF' => 'C:/xampp/apache/bin/openssl.cnf'
    'REDIRECT_PHP_PEAR_SYSCONF_DIR' => '\\xampp\\php'
    'REDIRECT_PHPRC' => '\\xampp\\php'
    'REDIRECT_TMP' => '\\xampp\\tmp'
    'REDIRECT_STATUS' => '200'
    'MIBDIRS' => 'C:/xampp/php/extras/mibs'
    'MYSQL_HOME' => '\\xampp\\mysql\\bin'
    'OPENSSL_CONF' => 'C:/xampp/apache/bin/openssl.cnf'
    'PHP_PEAR_SYSCONF_DIR' => '\\xampp\\php'
    'PHPRC' => '\\xampp\\php'
    'TMP' => '\\xampp\\tmp'
    'HTTP_HOST' => '192.168.11.131'
    'HTTP_CONNECTION' => 'keep-alive'
    'HTTP_ACCEPT' => 'text/html,application/xhtml+xml,application/xml;q=0.9,image/webp,*/*;q=0.8'
    'HTTP_UPGRADE_INSECURE_REQUESTS' => '1'
    'HTTP_USER_AGENT' => 'Mozilla/5.0 (Windows NT 6.1; WOW64) AppleWebKit/537.36 (KHTML, like Gecko) Chrome/46.0.2490.71 Safari/537.36'
    'HTTP_REFERER' => 'http://192.168.11.131/address/address-book/src/web/'
    'HTTP_ACCEPT_ENCODING' => 'gzip, deflate, sdch'
    'HTTP_ACCEPT_LANGUAGE' => 'en-US,en;q=0.8'
    'HTTP_COOKIE' => '_csrf=86affdc5d89bc51f5b12fb06fcabab83befe2b9d8464a6c070961f675084c7c1a%3A2%3A%7Bi%3A0%3Bs%3A5%3A%22_csrf%22%3Bi%3A1%3Bs%3A32%3A%22h_2IO7Jedbqswzj8G9HX8QWLfKeG-wLY%22%3B%7D; PHPSESSID=si7laijghi02d8p0dee51nr3t7'
    'PATH' => 'C:\\python27_x64\\;C:\\python27_x64\\Scripts;C:\\ProgramData\\Oracle\\Java\\javapath;C:\\Windows\\system32;C:\\Windows;C:\\Windows\\System32\\Wbem;C:\\Windows\\System32\\WindowsPowerShell\\v1.0\\;C:\\Program Files (x86)\\Google\\Cloud SDK\\google-cloud-sdk\\bin;C:\\xampp\\php;C:\\ProgramData\\ComposerSetup\\bin'
    'SystemRoot' => 'C:\\Windows'
    'COMSPEC' => 'C:\\Windows\\system32\\cmd.exe'
    'PATHEXT' => '.COM;.EXE;.BAT;.CMD;.VBS;.VBE;.JS;.JSE;.WSF;.WSH;.MSC'
    'WINDIR' => 'C:\\Windows'
    'SERVER_SIGNATURE' => '<address>Apache/2.4.12 (Win32) OpenSSL/1.0.1l PHP/5.5.24 Server at 192.168.11.131 Port 80</address>
'
    'SERVER_SOFTWARE' => 'Apache/2.4.12 (Win32) OpenSSL/1.0.1l PHP/5.5.24'
    'SERVER_NAME' => '192.168.11.131'
    'SERVER_ADDR' => '192.168.11.131'
    'SERVER_PORT' => '80'
    'REMOTE_ADDR' => '192.168.11.131'
    'DOCUMENT_ROOT' => 'C:/xampp/htdocs'
    'REQUEST_SCHEME' => 'http'
    'CONTEXT_PREFIX' => ''
    'CONTEXT_DOCUMENT_ROOT' => 'C:/xampp/htdocs'
    'SERVER_ADMIN' => 'postmaster@localhost'
    'SCRIPT_FILENAME' => 'C:/xampp/htdocs/address/address-book/src/web/index.php'
    'REMOTE_PORT' => '58027'
    'REDIRECT_URL' => '/address/address-book/src/web/contacts'
    'GATEWAY_INTERFACE' => 'CGI/1.1'
    'SERVER_PROTOCOL' => 'HTTP/1.1'
    'REQUEST_METHOD' => 'GET'
    'QUERY_STRING' => ''
    'REQUEST_URI' => '/address/address-book/src/web/contacts'
    'SCRIPT_NAME' => '/address/address-book/src/web/index.php'
    'PHP_SELF' => '/address/address-book/src/web/index.php'
    'REQUEST_TIME_FLOAT' => 1445519540.82
    'REQUEST_TIME' => 1445519540
]
2015-10-22 15:12:28 [192.168.11.131][-][-][warning][yii\debug\Module::checkAccess] Access to debugger is denied due to IP address restriction. The requesting IP address is 192.168.11.131
    in C:\xampp\htdocs\address\address-book\src\views\layouts\main.php:61
    in C:\xampp\htdocs\address\address-book\src\controllers\SiteController.php:52
2015-10-22 15:12:28 [192.168.11.131][-][-][info][application] $_COOKIE = [
    '_csrf' => '86affdc5d89bc51f5b12fb06fcabab83befe2b9d8464a6c070961f675084c7c1a:2:{i:0;s:5:\"_csrf\";i:1;s:32:\"h_2IO7Jedbqswzj8G9HX8QWLfKeG-wLY\";}'
    'PHPSESSID' => 'si7laijghi02d8p0dee51nr3t7'
]

$_SERVER = [
    'MIBDIRS' => 'C:/xampp/php/extras/mibs'
    'MYSQL_HOME' => '\\xampp\\mysql\\bin'
    'OPENSSL_CONF' => 'C:/xampp/apache/bin/openssl.cnf'
    'PHP_PEAR_SYSCONF_DIR' => '\\xampp\\php'
    'PHPRC' => '\\xampp\\php'
    'TMP' => '\\xampp\\tmp'
    'HTTP_HOST' => '192.168.11.131'
    'HTTP_CONNECTION' => 'keep-alive'
    'HTTP_ACCEPT' => 'text/html,application/xhtml+xml,application/xml;q=0.9,image/webp,*/*;q=0.8'
    'HTTP_UPGRADE_INSECURE_REQUESTS' => '1'
    'HTTP_USER_AGENT' => 'Mozilla/5.0 (Windows NT 6.1; WOW64) AppleWebKit/537.36 (KHTML, like Gecko) Chrome/46.0.2490.71 Safari/537.36'
    'HTTP_REFERER' => 'http://192.168.11.131/address/address-book/src/web/contacts'
    'HTTP_ACCEPT_ENCODING' => 'gzip, deflate, sdch'
    'HTTP_ACCEPT_LANGUAGE' => 'en-US,en;q=0.8'
    'HTTP_COOKIE' => '_csrf=86affdc5d89bc51f5b12fb06fcabab83befe2b9d8464a6c070961f675084c7c1a%3A2%3A%7Bi%3A0%3Bs%3A5%3A%22_csrf%22%3Bi%3A1%3Bs%3A32%3A%22h_2IO7Jedbqswzj8G9HX8QWLfKeG-wLY%22%3B%7D; PHPSESSID=si7laijghi02d8p0dee51nr3t7'
    'PATH' => 'C:\\python27_x64\\;C:\\python27_x64\\Scripts;C:\\ProgramData\\Oracle\\Java\\javapath;C:\\Windows\\system32;C:\\Windows;C:\\Windows\\System32\\Wbem;C:\\Windows\\System32\\WindowsPowerShell\\v1.0\\;C:\\Program Files (x86)\\Google\\Cloud SDK\\google-cloud-sdk\\bin;C:\\xampp\\php;C:\\ProgramData\\ComposerSetup\\bin'
    'SystemRoot' => 'C:\\Windows'
    'COMSPEC' => 'C:\\Windows\\system32\\cmd.exe'
    'PATHEXT' => '.COM;.EXE;.BAT;.CMD;.VBS;.VBE;.JS;.JSE;.WSF;.WSH;.MSC'
    'WINDIR' => 'C:\\Windows'
    'SERVER_SIGNATURE' => '<address>Apache/2.4.12 (Win32) OpenSSL/1.0.1l PHP/5.5.24 Server at 192.168.11.131 Port 80</address>
'
    'SERVER_SOFTWARE' => 'Apache/2.4.12 (Win32) OpenSSL/1.0.1l PHP/5.5.24'
    'SERVER_NAME' => '192.168.11.131'
    'SERVER_ADDR' => '192.168.11.131'
    'SERVER_PORT' => '80'
    'REMOTE_ADDR' => '192.168.11.131'
    'DOCUMENT_ROOT' => 'C:/xampp/htdocs'
    'REQUEST_SCHEME' => 'http'
    'CONTEXT_PREFIX' => ''
    'CONTEXT_DOCUMENT_ROOT' => 'C:/xampp/htdocs'
    'SERVER_ADMIN' => 'postmaster@localhost'
    'SCRIPT_FILENAME' => 'C:/xampp/htdocs/address/address-book/src/web/index.php'
    'REMOTE_PORT' => '58029'
    'GATEWAY_INTERFACE' => 'CGI/1.1'
    'SERVER_PROTOCOL' => 'HTTP/1.1'
    'REQUEST_METHOD' => 'GET'
    'QUERY_STRING' => ''
    'REQUEST_URI' => '/address/address-book/src/web/'
    'SCRIPT_NAME' => '/address/address-book/src/web/index.php'
    'PHP_SELF' => '/address/address-book/src/web/index.php'
    'REQUEST_TIME_FLOAT' => 1445519548.451
    'REQUEST_TIME' => 1445519548
]
2015-10-22 15:12:31 [192.168.11.131][-][-][warning][yii\debug\Module::checkAccess] Access to debugger is denied due to IP address restriction. The requesting IP address is 192.168.11.131
    in C:\xampp\htdocs\address\address-book\src\views\layouts\main.php:61
    in C:\xampp\htdocs\address\address-book\src\controllers\ContactsController.php:43
2015-10-22 15:12:30 [192.168.11.131][-][-][info][application] $_COOKIE = [
    '_csrf' => '86affdc5d89bc51f5b12fb06fcabab83befe2b9d8464a6c070961f675084c7c1a:2:{i:0;s:5:\"_csrf\";i:1;s:32:\"h_2IO7Jedbqswzj8G9HX8QWLfKeG-wLY\";}'
    'PHPSESSID' => 'si7laijghi02d8p0dee51nr3t7'
]

$_SERVER = [
    'REDIRECT_MIBDIRS' => 'C:/xampp/php/extras/mibs'
    'REDIRECT_MYSQL_HOME' => '\\xampp\\mysql\\bin'
    'REDIRECT_OPENSSL_CONF' => 'C:/xampp/apache/bin/openssl.cnf'
    'REDIRECT_PHP_PEAR_SYSCONF_DIR' => '\\xampp\\php'
    'REDIRECT_PHPRC' => '\\xampp\\php'
    'REDIRECT_TMP' => '\\xampp\\tmp'
    'REDIRECT_STATUS' => '200'
    'MIBDIRS' => 'C:/xampp/php/extras/mibs'
    'MYSQL_HOME' => '\\xampp\\mysql\\bin'
    'OPENSSL_CONF' => 'C:/xampp/apache/bin/openssl.cnf'
    'PHP_PEAR_SYSCONF_DIR' => '\\xampp\\php'
    'PHPRC' => '\\xampp\\php'
    'TMP' => '\\xampp\\tmp'
    'HTTP_HOST' => '192.168.11.131'
    'HTTP_CONNECTION' => 'keep-alive'
    'HTTP_ACCEPT' => 'text/html,application/xhtml+xml,application/xml;q=0.9,image/webp,*/*;q=0.8'
    'HTTP_UPGRADE_INSECURE_REQUESTS' => '1'
    'HTTP_USER_AGENT' => 'Mozilla/5.0 (Windows NT 6.1; WOW64) AppleWebKit/537.36 (KHTML, like Gecko) Chrome/46.0.2490.71 Safari/537.36'
    'HTTP_REFERER' => 'http://192.168.11.131/address/address-book/src/web/'
    'HTTP_ACCEPT_ENCODING' => 'gzip, deflate, sdch'
    'HTTP_ACCEPT_LANGUAGE' => 'en-US,en;q=0.8'
    'HTTP_COOKIE' => '_csrf=86affdc5d89bc51f5b12fb06fcabab83befe2b9d8464a6c070961f675084c7c1a%3A2%3A%7Bi%3A0%3Bs%3A5%3A%22_csrf%22%3Bi%3A1%3Bs%3A32%3A%22h_2IO7Jedbqswzj8G9HX8QWLfKeG-wLY%22%3B%7D; PHPSESSID=si7laijghi02d8p0dee51nr3t7'
    'PATH' => 'C:\\python27_x64\\;C:\\python27_x64\\Scripts;C:\\ProgramData\\Oracle\\Java\\javapath;C:\\Windows\\system32;C:\\Windows;C:\\Windows\\System32\\Wbem;C:\\Windows\\System32\\WindowsPowerShell\\v1.0\\;C:\\Program Files (x86)\\Google\\Cloud SDK\\google-cloud-sdk\\bin;C:\\xampp\\php;C:\\ProgramData\\ComposerSetup\\bin'
    'SystemRoot' => 'C:\\Windows'
    'COMSPEC' => 'C:\\Windows\\system32\\cmd.exe'
    'PATHEXT' => '.COM;.EXE;.BAT;.CMD;.VBS;.VBE;.JS;.JSE;.WSF;.WSH;.MSC'
    'WINDIR' => 'C:\\Windows'
    'SERVER_SIGNATURE' => '<address>Apache/2.4.12 (Win32) OpenSSL/1.0.1l PHP/5.5.24 Server at 192.168.11.131 Port 80</address>
'
    'SERVER_SOFTWARE' => 'Apache/2.4.12 (Win32) OpenSSL/1.0.1l PHP/5.5.24'
    'SERVER_NAME' => '192.168.11.131'
    'SERVER_ADDR' => '192.168.11.131'
    'SERVER_PORT' => '80'
    'REMOTE_ADDR' => '192.168.11.131'
    'DOCUMENT_ROOT' => 'C:/xampp/htdocs'
    'REQUEST_SCHEME' => 'http'
    'CONTEXT_PREFIX' => ''
    'CONTEXT_DOCUMENT_ROOT' => 'C:/xampp/htdocs'
    'SERVER_ADMIN' => 'postmaster@localhost'
    'SCRIPT_FILENAME' => 'C:/xampp/htdocs/address/address-book/src/web/index.php'
    'REMOTE_PORT' => '58029'
    'REDIRECT_URL' => '/address/address-book/src/web/contacts'
    'GATEWAY_INTERFACE' => 'CGI/1.1'
    'SERVER_PROTOCOL' => 'HTTP/1.1'
    'REQUEST_METHOD' => 'GET'
    'QUERY_STRING' => ''
    'REQUEST_URI' => '/address/address-book/src/web/contacts'
    'SCRIPT_NAME' => '/address/address-book/src/web/index.php'
    'PHP_SELF' => '/address/address-book/src/web/index.php'
    'REQUEST_TIME_FLOAT' => 1445519550.548
    'REQUEST_TIME' => 1445519550
]
2015-10-22 15:12:33 [192.168.11.131][-][-][warning][yii\debug\Module::checkAccess] Access to debugger is denied due to IP address restriction. The requesting IP address is 192.168.11.131
    in C:\xampp\htdocs\address\address-book\src\views\layouts\main.php:61
    in C:\xampp\htdocs\address\address-book\src\controllers\ContactsController.php:93
2015-10-22 15:12:33 [192.168.11.131][-][-][info][application] $_COOKIE = [
    '_csrf' => '86affdc5d89bc51f5b12fb06fcabab83befe2b9d8464a6c070961f675084c7c1a:2:{i:0;s:5:\"_csrf\";i:1;s:32:\"h_2IO7Jedbqswzj8G9HX8QWLfKeG-wLY\";}'
    'PHPSESSID' => 'si7laijghi02d8p0dee51nr3t7'
]

$_SESSION = [
    '__flash' => []
    '__captcha/site/captcha' => 'zojute'
    '__captcha/site/captchacount' => 1
]

$_SERVER = [
    'REDIRECT_MIBDIRS' => 'C:/xampp/php/extras/mibs'
    'REDIRECT_MYSQL_HOME' => '\\xampp\\mysql\\bin'
    'REDIRECT_OPENSSL_CONF' => 'C:/xampp/apache/bin/openssl.cnf'
    'REDIRECT_PHP_PEAR_SYSCONF_DIR' => '\\xampp\\php'
    'REDIRECT_PHPRC' => '\\xampp\\php'
    'REDIRECT_TMP' => '\\xampp\\tmp'
    'REDIRECT_STATUS' => '200'
    'MIBDIRS' => 'C:/xampp/php/extras/mibs'
    'MYSQL_HOME' => '\\xampp\\mysql\\bin'
    'OPENSSL_CONF' => 'C:/xampp/apache/bin/openssl.cnf'
    'PHP_PEAR_SYSCONF_DIR' => '\\xampp\\php'
    'PHPRC' => '\\xampp\\php'
    'TMP' => '\\xampp\\tmp'
    'HTTP_HOST' => '192.168.11.131'
    'HTTP_CONNECTION' => 'keep-alive'
    'HTTP_ACCEPT' => 'text/html,application/xhtml+xml,application/xml;q=0.9,image/webp,*/*;q=0.8'
    'HTTP_UPGRADE_INSECURE_REQUESTS' => '1'
    'HTTP_USER_AGENT' => 'Mozilla/5.0 (Windows NT 6.1; WOW64) AppleWebKit/537.36 (KHTML, like Gecko) Chrome/46.0.2490.71 Safari/537.36'
    'HTTP_REFERER' => 'http://192.168.11.131/address/address-book/src/web/contacts'
    'HTTP_ACCEPT_ENCODING' => 'gzip, deflate, sdch'
    'HTTP_ACCEPT_LANGUAGE' => 'en-US,en;q=0.8'
    'HTTP_COOKIE' => '_csrf=86affdc5d89bc51f5b12fb06fcabab83befe2b9d8464a6c070961f675084c7c1a%3A2%3A%7Bi%3A0%3Bs%3A5%3A%22_csrf%22%3Bi%3A1%3Bs%3A32%3A%22h_2IO7Jedbqswzj8G9HX8QWLfKeG-wLY%22%3B%7D; PHPSESSID=si7laijghi02d8p0dee51nr3t7'
    'PATH' => 'C:\\python27_x64\\;C:\\python27_x64\\Scripts;C:\\ProgramData\\Oracle\\Java\\javapath;C:\\Windows\\system32;C:\\Windows;C:\\Windows\\System32\\Wbem;C:\\Windows\\System32\\WindowsPowerShell\\v1.0\\;C:\\Program Files (x86)\\Google\\Cloud SDK\\google-cloud-sdk\\bin;C:\\xampp\\php;C:\\ProgramData\\ComposerSetup\\bin'
    'SystemRoot' => 'C:\\Windows'
    'COMSPEC' => 'C:\\Windows\\system32\\cmd.exe'
    'PATHEXT' => '.COM;.EXE;.BAT;.CMD;.VBS;.VBE;.JS;.JSE;.WSF;.WSH;.MSC'
    'WINDIR' => 'C:\\Windows'
    'SERVER_SIGNATURE' => '<address>Apache/2.4.12 (Win32) OpenSSL/1.0.1l PHP/5.5.24 Server at 192.168.11.131 Port 80</address>
'
    'SERVER_SOFTWARE' => 'Apache/2.4.12 (Win32) OpenSSL/1.0.1l PHP/5.5.24'
    'SERVER_NAME' => '192.168.11.131'
    'SERVER_ADDR' => '192.168.11.131'
    'SERVER_PORT' => '80'
    'REMOTE_ADDR' => '192.168.11.131'
    'DOCUMENT_ROOT' => 'C:/xampp/htdocs'
    'REQUEST_SCHEME' => 'http'
    'CONTEXT_PREFIX' => ''
    'CONTEXT_DOCUMENT_ROOT' => 'C:/xampp/htdocs'
    'SERVER_ADMIN' => 'postmaster@localhost'
    'SCRIPT_FILENAME' => 'C:/xampp/htdocs/address/address-book/src/web/index.php'
    'REMOTE_PORT' => '58029'
    'REDIRECT_URL' => '/address/address-book/src/web/contacts/create'
    'GATEWAY_INTERFACE' => 'CGI/1.1'
    'SERVER_PROTOCOL' => 'HTTP/1.1'
    'REQUEST_METHOD' => 'GET'
    'QUERY_STRING' => ''
    'REQUEST_URI' => '/address/address-book/src/web/contacts/create'
    'SCRIPT_NAME' => '/address/address-book/src/web/index.php'
    'PHP_SELF' => '/address/address-book/src/web/index.php'
    'REQUEST_TIME_FLOAT' => 1445519553.398
    'REQUEST_TIME' => 1445519553
]
2015-10-22 15:12:36 [192.168.11.131][-][-][warning][yii\debug\Module::checkAccess] Access to debugger is denied due to IP address restriction. The requesting IP address is 192.168.11.131
    in C:\xampp\htdocs\address\address-book\src\views\layouts\main.php:61
    in C:\xampp\htdocs\address\address-book\src\controllers\SiteController.php:52
2015-10-22 15:12:36 [192.168.11.131][-][-][info][application] $_COOKIE = [
    '_csrf' => '86affdc5d89bc51f5b12fb06fcabab83befe2b9d8464a6c070961f675084c7c1a:2:{i:0;s:5:\"_csrf\";i:1;s:32:\"h_2IO7Jedbqswzj8G9HX8QWLfKeG-wLY\";}'
    'PHPSESSID' => 'si7laijghi02d8p0dee51nr3t7'
]

$_SERVER = [
    'MIBDIRS' => 'C:/xampp/php/extras/mibs'
    'MYSQL_HOME' => '\\xampp\\mysql\\bin'
    'OPENSSL_CONF' => 'C:/xampp/apache/bin/openssl.cnf'
    'PHP_PEAR_SYSCONF_DIR' => '\\xampp\\php'
    'PHPRC' => '\\xampp\\php'
    'TMP' => '\\xampp\\tmp'
    'HTTP_HOST' => '192.168.11.131'
    'HTTP_CONNECTION' => 'keep-alive'
    'HTTP_ACCEPT' => 'text/html,application/xhtml+xml,application/xml;q=0.9,image/webp,*/*;q=0.8'
    'HTTP_UPGRADE_INSECURE_REQUESTS' => '1'
    'HTTP_USER_AGENT' => 'Mozilla/5.0 (Windows NT 6.1; WOW64) AppleWebKit/537.36 (KHTML, like Gecko) Chrome/46.0.2490.71 Safari/537.36'
    'HTTP_REFERER' => 'http://192.168.11.131/address/address-book/src/web/contacts/create'
    'HTTP_ACCEPT_ENCODING' => 'gzip, deflate, sdch'
    'HTTP_ACCEPT_LANGUAGE' => 'en-US,en;q=0.8'
    'HTTP_COOKIE' => '_csrf=86affdc5d89bc51f5b12fb06fcabab83befe2b9d8464a6c070961f675084c7c1a%3A2%3A%7Bi%3A0%3Bs%3A5%3A%22_csrf%22%3Bi%3A1%3Bs%3A32%3A%22h_2IO7Jedbqswzj8G9HX8QWLfKeG-wLY%22%3B%7D; PHPSESSID=si7laijghi02d8p0dee51nr3t7'
    'PATH' => 'C:\\python27_x64\\;C:\\python27_x64\\Scripts;C:\\ProgramData\\Oracle\\Java\\javapath;C:\\Windows\\system32;C:\\Windows;C:\\Windows\\System32\\Wbem;C:\\Windows\\System32\\WindowsPowerShell\\v1.0\\;C:\\Program Files (x86)\\Google\\Cloud SDK\\google-cloud-sdk\\bin;C:\\xampp\\php;C:\\ProgramData\\ComposerSetup\\bin'
    'SystemRoot' => 'C:\\Windows'
    'COMSPEC' => 'C:\\Windows\\system32\\cmd.exe'
    'PATHEXT' => '.COM;.EXE;.BAT;.CMD;.VBS;.VBE;.JS;.JSE;.WSF;.WSH;.MSC'
    'WINDIR' => 'C:\\Windows'
    'SERVER_SIGNATURE' => '<address>Apache/2.4.12 (Win32) OpenSSL/1.0.1l PHP/5.5.24 Server at 192.168.11.131 Port 80</address>
'
    'SERVER_SOFTWARE' => 'Apache/2.4.12 (Win32) OpenSSL/1.0.1l PHP/5.5.24'
    'SERVER_NAME' => '192.168.11.131'
    'SERVER_ADDR' => '192.168.11.131'
    'SERVER_PORT' => '80'
    'REMOTE_ADDR' => '192.168.11.131'
    'DOCUMENT_ROOT' => 'C:/xampp/htdocs'
    'REQUEST_SCHEME' => 'http'
    'CONTEXT_PREFIX' => ''
    'CONTEXT_DOCUMENT_ROOT' => 'C:/xampp/htdocs'
    'SERVER_ADMIN' => 'postmaster@localhost'
    'SCRIPT_FILENAME' => 'C:/xampp/htdocs/address/address-book/src/web/index.php'
    'REMOTE_PORT' => '58029'
    'GATEWAY_INTERFACE' => 'CGI/1.1'
    'SERVER_PROTOCOL' => 'HTTP/1.1'
    'REQUEST_METHOD' => 'GET'
    'QUERY_STRING' => ''
    'REQUEST_URI' => '/address/address-book/src/web/'
    'SCRIPT_NAME' => '/address/address-book/src/web/index.php'
    'PHP_SELF' => '/address/address-book/src/web/index.php'
    'REQUEST_TIME_FLOAT' => 1445519556.53
    'REQUEST_TIME' => 1445519556
]
2015-10-22 15:12:43 [192.168.11.131][-][-][warning][yii\debug\Module::checkAccess] Access to debugger is denied due to IP address restriction. The requesting IP address is 192.168.11.131
    in C:\xampp\htdocs\address\address-book\src\views\layouts\main.php:61
    in C:\xampp\htdocs\address\address-book\src\controllers\SiteController.php:52
2015-10-22 15:12:43 [192.168.11.131][-][-][info][application] $_COOKIE = [
    '_csrf' => '86affdc5d89bc51f5b12fb06fcabab83befe2b9d8464a6c070961f675084c7c1a:2:{i:0;s:5:\"_csrf\";i:1;s:32:\"h_2IO7Jedbqswzj8G9HX8QWLfKeG-wLY\";}'
    'PHPSESSID' => 'si7laijghi02d8p0dee51nr3t7'
]

$_SERVER = [
    'REDIRECT_MIBDIRS' => 'C:/xampp/php/extras/mibs'
    'REDIRECT_MYSQL_HOME' => '\\xampp\\mysql\\bin'
    'REDIRECT_OPENSSL_CONF' => 'C:/xampp/apache/bin/openssl.cnf'
    'REDIRECT_PHP_PEAR_SYSCONF_DIR' => '\\xampp\\php'
    'REDIRECT_PHPRC' => '\\xampp\\php'
    'REDIRECT_TMP' => '\\xampp\\tmp'
    'REDIRECT_STATUS' => '200'
    'MIBDIRS' => 'C:/xampp/php/extras/mibs'
    'MYSQL_HOME' => '\\xampp\\mysql\\bin'
    'OPENSSL_CONF' => 'C:/xampp/apache/bin/openssl.cnf'
    'PHP_PEAR_SYSCONF_DIR' => '\\xampp\\php'
    'PHPRC' => '\\xampp\\php'
    'TMP' => '\\xampp\\tmp'
    'HTTP_HOST' => '192.168.11.131'
    'HTTP_CONNECTION' => 'keep-alive'
    'HTTP_ACCEPT' => 'text/html,application/xhtml+xml,application/xml;q=0.9,image/webp,*/*;q=0.8'
    'HTTP_UPGRADE_INSECURE_REQUESTS' => '1'
    'HTTP_USER_AGENT' => 'Mozilla/5.0 (Windows NT 6.1; WOW64) AppleWebKit/537.36 (KHTML, like Gecko) Chrome/46.0.2490.71 Safari/537.36'
    'HTTP_REFERER' => 'http://192.168.11.131/address/address-book/src/web/'
    'HTTP_ACCEPT_ENCODING' => 'gzip, deflate, sdch'
    'HTTP_ACCEPT_LANGUAGE' => 'en-US,en;q=0.8'
    'HTTP_COOKIE' => '_csrf=86affdc5d89bc51f5b12fb06fcabab83befe2b9d8464a6c070961f675084c7c1a%3A2%3A%7Bi%3A0%3Bs%3A5%3A%22_csrf%22%3Bi%3A1%3Bs%3A32%3A%22h_2IO7Jedbqswzj8G9HX8QWLfKeG-wLY%22%3B%7D; PHPSESSID=si7laijghi02d8p0dee51nr3t7'
    'PATH' => 'C:\\python27_x64\\;C:\\python27_x64\\Scripts;C:\\ProgramData\\Oracle\\Java\\javapath;C:\\Windows\\system32;C:\\Windows;C:\\Windows\\System32\\Wbem;C:\\Windows\\System32\\WindowsPowerShell\\v1.0\\;C:\\Program Files (x86)\\Google\\Cloud SDK\\google-cloud-sdk\\bin;C:\\xampp\\php;C:\\ProgramData\\ComposerSetup\\bin'
    'SystemRoot' => 'C:\\Windows'
    'COMSPEC' => 'C:\\Windows\\system32\\cmd.exe'
    'PATHEXT' => '.COM;.EXE;.BAT;.CMD;.VBS;.VBE;.JS;.JSE;.WSF;.WSH;.MSC'
    'WINDIR' => 'C:\\Windows'
    'SERVER_SIGNATURE' => '<address>Apache/2.4.12 (Win32) OpenSSL/1.0.1l PHP/5.5.24 Server at 192.168.11.131 Port 80</address>
'
    'SERVER_SOFTWARE' => 'Apache/2.4.12 (Win32) OpenSSL/1.0.1l PHP/5.5.24'
    'SERVER_NAME' => '192.168.11.131'
    'SERVER_ADDR' => '192.168.11.131'
    'SERVER_PORT' => '80'
    'REMOTE_ADDR' => '192.168.11.131'
    'DOCUMENT_ROOT' => 'C:/xampp/htdocs'
    'REQUEST_SCHEME' => 'http'
    'CONTEXT_PREFIX' => ''
    'CONTEXT_DOCUMENT_ROOT' => 'C:/xampp/htdocs'
    'SERVER_ADMIN' => 'postmaster@localhost'
    'SCRIPT_FILENAME' => 'C:/xampp/htdocs/address/address-book/src/web/index.php'
    'REMOTE_PORT' => '58032'
    'REDIRECT_URL' => '/address/address-book/src/web/site/index'
    'GATEWAY_INTERFACE' => 'CGI/1.1'
    'SERVER_PROTOCOL' => 'HTTP/1.1'
    'REQUEST_METHOD' => 'GET'
    'QUERY_STRING' => ''
    'REQUEST_URI' => '/address/address-book/src/web/site/index'
    'SCRIPT_NAME' => '/address/address-book/src/web/index.php'
    'PHP_SELF' => '/address/address-book/src/web/index.php'
    'REQUEST_TIME_FLOAT' => 1445519563.164
    'REQUEST_TIME' => 1445519563
]
2015-10-22 15:12:46 [192.168.11.131][-][-][warning][yii\debug\Module::checkAccess] Access to debugger is denied due to IP address restriction. The requesting IP address is 192.168.11.131
    in C:\xampp\htdocs\address\address-book\src\views\layouts\main.php:61
    in C:\xampp\htdocs\address\address-book\src\controllers\ContactsController.php:43
2015-10-22 15:12:45 [192.168.11.131][-][-][info][application] $_COOKIE = [
    '_csrf' => '86affdc5d89bc51f5b12fb06fcabab83befe2b9d8464a6c070961f675084c7c1a:2:{i:0;s:5:\"_csrf\";i:1;s:32:\"h_2IO7Jedbqswzj8G9HX8QWLfKeG-wLY\";}'
    'PHPSESSID' => 'si7laijghi02d8p0dee51nr3t7'
]

$_SERVER = [
    'REDIRECT_MIBDIRS' => 'C:/xampp/php/extras/mibs'
    'REDIRECT_MYSQL_HOME' => '\\xampp\\mysql\\bin'
    'REDIRECT_OPENSSL_CONF' => 'C:/xampp/apache/bin/openssl.cnf'
    'REDIRECT_PHP_PEAR_SYSCONF_DIR' => '\\xampp\\php'
    'REDIRECT_PHPRC' => '\\xampp\\php'
    'REDIRECT_TMP' => '\\xampp\\tmp'
    'REDIRECT_STATUS' => '200'
    'MIBDIRS' => 'C:/xampp/php/extras/mibs'
    'MYSQL_HOME' => '\\xampp\\mysql\\bin'
    'OPENSSL_CONF' => 'C:/xampp/apache/bin/openssl.cnf'
    'PHP_PEAR_SYSCONF_DIR' => '\\xampp\\php'
    'PHPRC' => '\\xampp\\php'
    'TMP' => '\\xampp\\tmp'
    'HTTP_HOST' => '192.168.11.131'
    'HTTP_CONNECTION' => 'keep-alive'
    'HTTP_ACCEPT' => 'text/html,application/xhtml+xml,application/xml;q=0.9,image/webp,*/*;q=0.8'
    'HTTP_UPGRADE_INSECURE_REQUESTS' => '1'
    'HTTP_USER_AGENT' => 'Mozilla/5.0 (Windows NT 6.1; WOW64) AppleWebKit/537.36 (KHTML, like Gecko) Chrome/46.0.2490.71 Safari/537.36'
    'HTTP_REFERER' => 'http://192.168.11.131/address/address-book/src/web/site/index'
    'HTTP_ACCEPT_ENCODING' => 'gzip, deflate, sdch'
    'HTTP_ACCEPT_LANGUAGE' => 'en-US,en;q=0.8'
    'HTTP_COOKIE' => '_csrf=86affdc5d89bc51f5b12fb06fcabab83befe2b9d8464a6c070961f675084c7c1a%3A2%3A%7Bi%3A0%3Bs%3A5%3A%22_csrf%22%3Bi%3A1%3Bs%3A32%3A%22h_2IO7Jedbqswzj8G9HX8QWLfKeG-wLY%22%3B%7D; PHPSESSID=si7laijghi02d8p0dee51nr3t7'
    'PATH' => 'C:\\python27_x64\\;C:\\python27_x64\\Scripts;C:\\ProgramData\\Oracle\\Java\\javapath;C:\\Windows\\system32;C:\\Windows;C:\\Windows\\System32\\Wbem;C:\\Windows\\System32\\WindowsPowerShell\\v1.0\\;C:\\Program Files (x86)\\Google\\Cloud SDK\\google-cloud-sdk\\bin;C:\\xampp\\php;C:\\ProgramData\\ComposerSetup\\bin'
    'SystemRoot' => 'C:\\Windows'
    'COMSPEC' => 'C:\\Windows\\system32\\cmd.exe'
    'PATHEXT' => '.COM;.EXE;.BAT;.CMD;.VBS;.VBE;.JS;.JSE;.WSF;.WSH;.MSC'
    'WINDIR' => 'C:\\Windows'
    'SERVER_SIGNATURE' => '<address>Apache/2.4.12 (Win32) OpenSSL/1.0.1l PHP/5.5.24 Server at 192.168.11.131 Port 80</address>
'
    'SERVER_SOFTWARE' => 'Apache/2.4.12 (Win32) OpenSSL/1.0.1l PHP/5.5.24'
    'SERVER_NAME' => '192.168.11.131'
    'SERVER_ADDR' => '192.168.11.131'
    'SERVER_PORT' => '80'
    'REMOTE_ADDR' => '192.168.11.131'
    'DOCUMENT_ROOT' => 'C:/xampp/htdocs'
    'REQUEST_SCHEME' => 'http'
    'CONTEXT_PREFIX' => ''
    'CONTEXT_DOCUMENT_ROOT' => 'C:/xampp/htdocs'
    'SERVER_ADMIN' => 'postmaster@localhost'
    'SCRIPT_FILENAME' => 'C:/xampp/htdocs/address/address-book/src/web/index.php'
    'REMOTE_PORT' => '58032'
    'REDIRECT_URL' => '/address/address-book/src/web/contacts'
    'GATEWAY_INTERFACE' => 'CGI/1.1'
    'SERVER_PROTOCOL' => 'HTTP/1.1'
    'REQUEST_METHOD' => 'GET'
    'QUERY_STRING' => ''
    'REQUEST_URI' => '/address/address-book/src/web/contacts'
    'SCRIPT_NAME' => '/address/address-book/src/web/index.php'
    'PHP_SELF' => '/address/address-book/src/web/index.php'
    'REQUEST_TIME_FLOAT' => 1445519565.85
    'REQUEST_TIME' => 1445519565
]
